<?xml version="1.0" encoding="UTF-8"?>
<testng-results skipped="0" failed="0" total="1" passed="1">
  <reporter-output>
  </reporter-output>
  <suite name="Default suite" duration-ms="19454" started-at="2021-03-06T14:08:53Z" finished-at="2021-03-06T14:09:12Z">
    <groups>
    </groups>
    <test name="Default test" duration-ms="19454" started-at="2021-03-06T14:08:53Z" finished-at="2021-03-06T14:09:12Z">
      <class name="com.selenium.LaunchGoogle">
        <test-method status="PASS" signature="launchGooge()[pri:0, instance:com.selenium.LaunchGoogle@161b062a]" name="launchGooge" duration-ms="19424" started-at="2021-03-06T19:38:53Z" finished-at="2021-03-06T19:39:12Z">
          <reporter-output>
          </reporter-output>
        </test-method> <!-- launchGooge -->
      </class> <!-- com.selenium.LaunchGoogle -->
    </test> <!-- Default test -->
  </suite> <!-- Default suite -->
</testng-results>
